<?xml version="1.0" encoding="utf-8" standalone="no"?>
<!--This file represents the results of running a test suite-->
<test-results name="C:\iringtools_datalayers\im_datalayer\trunk\iModelDatalayer\iModelDatalayer.Test\iModelDatalayer.Test.csproj" total="1" errors="0" failures="0" not-run="0" inconclusive="0" ignored="0" skipped="0" invalid="0" date="2013-05-08" time="16:22:54">
  <environment nunit-version="2.5.9.10348" clr-version="4.0.30319.296" os-version="Microsoft Windows NT 6.1.7600.0" platform="Win32NT" cwd="C:\iringtools_datalayers\im_datalayer\trunk\iModelDatalayer\NUnit.Runner\bin\Debug" machine-name="NDHD201207" user="dkumar3" user-domain="IEAMS" />
  <culture-info current-culture="en-US" current-uiculture="en-US" />
  <test-suite type="Project" name="C:\iringtools_datalayers\im_datalayer\trunk\iModelDatalayer\iModelDatalayer.Test\iModelDatalayer.Test.csproj" executed="True" result="Success" success="True" time="116.408" asserts="0">
    <results>
      <test-suite type="Assembly" name="C:\iringtools_datalayers\im_datalayer\trunk\iModelDatalayer\iModelDatalayer.Test\bin\Debug\iModelDatalayer.Test.dll" executed="True" result="Success" success="True" time="116.403" asserts="0">
        <results>
          <test-suite type="Namespace" name="org" executed="True" result="Success" success="True" time="116.402" asserts="0">
            <results>
              <test-suite type="Namespace" name="iringtools" executed="True" result="Success" success="True" time="116.400" asserts="0">
                <results>
                  <test-suite type="Namespace" name="adapter" executed="True" result="Success" success="True" time="116.399" asserts="0">
                    <results>
                      <test-suite type="Namespace" name="datalayer" executed="True" result="Success" success="True" time="116.398" asserts="0">
                        <results>
                          <test-suite type="Namespace" name="test" executed="True" result="Success" success="True" time="116.396" asserts="0">
                            <results>
                              <test-suite type="TestFixture" name="Test" executed="True" result="Success" success="True" time="116.384" asserts="0">
                                <results>
                                  <test-case name="org.iringtools.adapter.datalayer.test.Test.TestDictionary" executed="True" result="Success" success="True" time="4.518" asserts="1" />
                                </results>
                              </test-suite>
                            </results>
                          </test-suite>
                        </results>
                      </test-suite>
                    </results>
                  </test-suite>
                </results>
              </test-suite>
            </results>
          </test-suite>
        </results>
      </test-suite>
    </results>
  </test-suite>
</test-results>