<?xml version="1.0" encoding="utf-8" standalone="no"?>
<!--This file represents the results of running a test suite-->
<test-results name="C:\Project\Branches\datalayers\SPPIDDataLayer\SPPIDDataLayer.NUnit\SPPIDDataLayer.NUnit.vbproj" total="10" errors="0" failures="10" not-run="0" inconclusive="0" ignored="0" skipped="0" invalid="0" date="2012-02-24" time="14:59:25">
  <environment nunit-version="2.5.8.10295" clr-version="4.0.30319.239" os-version="Microsoft Windows NT 6.1.7601 Service Pack 1" platform="Win32NT" cwd="C:\Project\Branches\datalayers\SPPIDDataLayer\library\nunit\NUnit.Runner\bin\Debug" machine-name="NDHD06635" user="nbhardwa" user-domain="IEAMS" />
  <culture-info current-culture="en-US" current-uiculture="en-US" />
  <test-suite type="Project" name="C:\Project\Branches\datalayers\SPPIDDataLayer\SPPIDDataLayer.NUnit\SPPIDDataLayer.NUnit.vbproj" executed="True" result="Failure" success="False" time="75.363" asserts="0">
    <results>
      <test-suite type="Assembly" name="C:\Project\Branches\datalayers\SPPIDDataLayer\SPPIDDataLayer.NUnit\bin\Debug\Tests.dll" executed="True" result="Failure" success="False" time="75.300" asserts="0">
        <results>
          <test-suite type="Namespace" name="Tests" executed="True" result="Failure" success="False" time="75.241" asserts="0">
            <results>
              <test-suite type="TestFixture" name="Test" executed="True" result="Error" success="False" time="75.127" asserts="0">
                <failure>
                  <message><![CDATA[SetUp : System.ArgumentOutOfRangeException : Length cannot be less than zero.
Parameter name: length]]></message>
                  <stack-trace><![CDATA[at System.String.InternalSubStringWithChecks(Int32 startIndex, Int32 length, Boolean fAlwaysCopy)
at System.String.Substring(Int32 startIndex, Int32 length)
at Tests.Test..ctor() in C:\Project\Branches\datalayers\SPPIDDataLayer\SPPIDDataLayer.NUnit\Test.vb:line 54
]]></stack-trace>
                </failure>
                <results>
                  <test-case name="Tests.Test.TestGetCountWithFilter" executed="True" result="Failure" success="False" time="0.000" asserts="0">
                    <failure>
                      <message><![CDATA[TestFixtureSetUp failed in Test]]></message>
                      <stack-trace />
                    </failure>
                  </test-case>
                  <test-case name="Tests.Test.TestGetDictionary" executed="True" result="Failure" success="False" time="0.000" asserts="0">
                    <failure>
                      <message><![CDATA[TestFixtureSetUp failed in Test]]></message>
                      <stack-trace />
                    </failure>
                  </test-case>
                  <test-case name="Tests.Test.TestGetIdentifiersWithFilter" executed="True" result="Failure" success="False" time="0.000" asserts="0">
                    <failure>
                      <message><![CDATA[TestFixtureSetUp failed in Test]]></message>
                      <stack-trace />
                    </failure>
                  </test-case>
                  <test-case name="Tests.Test.TestGetObjects" executed="True" result="Failure" success="False" time="0.000" asserts="0">
                    <failure>
                      <message><![CDATA[TestFixtureSetUp failed in Test]]></message>
                      <stack-trace />
                    </failure>
                  </test-case>
                  <test-case name="Tests.Test.TestGetPage" executed="True" result="Failure" success="False" time="0.000" asserts="0">
                    <failure>
                      <message><![CDATA[TestFixtureSetUp failed in Test]]></message>
                      <stack-trace />
                    </failure>
                  </test-case>
                  <test-case name="Tests.Test.TestGetPageWithFilter" executed="True" result="Failure" success="False" time="0.000" asserts="0">
                    <failure>
                      <message><![CDATA[TestFixtureSetUp failed in Test]]></message>
                      <stack-trace />
                    </failure>
                  </test-case>
                  <test-case name="Tests.Test.TestGetTotalCount" executed="True" result="Failure" success="False" time="0.000" asserts="0">
                    <failure>
                      <message><![CDATA[TestFixtureSetUp failed in Test]]></message>
                      <stack-trace />
                    </failure>
                  </test-case>
                  <test-case name="Tests.Test.TestGetWithIdentifiers" executed="True" result="Failure" success="False" time="0.000" asserts="0">
                    <failure>
                      <message><![CDATA[TestFixtureSetUp failed in Test]]></message>
                      <stack-trace />
                    </failure>
                  </test-case>
                  <test-case name="Tests.Test.TestRefresh" executed="True" result="Failure" success="False" time="0.000" asserts="0">
                    <failure>
                      <message><![CDATA[TestFixtureSetUp failed in Test]]></message>
                      <stack-trace />
                    </failure>
                  </test-case>
                  <test-case name="Tests.Test.TestRefreshAll" executed="True" result="Failure" success="False" time="0.000" asserts="0">
                    <failure>
                      <message><![CDATA[TestFixtureSetUp failed in Test]]></message>
                      <stack-trace />
                    </failure>
                  </test-case>
                </results>
              </test-suite>
            </results>
          </test-suite>
        </results>
      </test-suite>
    </results>
  </test-suite>
</test-results>